  Bishop.cpp
  Board.cpp
D:\Programowanie\C++\chess\chess\chess\Board.cpp(59,140): warning C4244: "argument": konwersja z "T" do "T", możliwa utrata danych
          with
          [
              T=unsigned int
          ]
          and
          [
              T=float
          ]
D:\Programowanie\C++\chess\chess\chess\Board.cpp(59,92): warning C4244: "argument": konwersja z "T" do "T", możliwa utrata danych
          with
          [
              T=unsigned int
          ]
          and
          [
              T=float
          ]
D:\Programowanie\C++\chess\chess\chess\Board.cpp(63,140): warning C4244: "argument": konwersja z "T" do "T", możliwa utrata danych
          with
          [
              T=unsigned int
          ]
          and
          [
              T=float
          ]
D:\Programowanie\C++\chess\chess\chess\Board.cpp(63,92): warning C4244: "argument": konwersja z "T" do "T", możliwa utrata danych
          with
          [
              T=unsigned int
          ]
          and
          [
              T=float
          ]
D:\Programowanie\C++\chess\chess\chess\Board.cpp(86,146): warning C4244: "argument": konwersja z "T" do "T", możliwa utrata danych
          with
          [
              T=unsigned int
          ]
          and
          [
              T=float
          ]
D:\Programowanie\C++\chess\chess\chess\Board.cpp(86,96): warning C4244: "argument": konwersja z "T" do "T", możliwa utrata danych
          with
          [
              T=unsigned int
          ]
          and
          [
              T=float
          ]
D:\Programowanie\C++\chess\chess\chess\Board.cpp(88,140): warning C4244: "argument": konwersja z "T" do "T", możliwa utrata danych
          with
          [
              T=unsigned int
          ]
          and
          [
              T=float
          ]
D:\Programowanie\C++\chess\chess\chess\Board.cpp(88,92): warning C4244: "argument": konwersja z "T" do "T", możliwa utrata danych
          with
          [
              T=unsigned int
          ]
          and
          [
              T=float
          ]
D:\Programowanie\C++\chess\chess\chess\Board.cpp(90,146): warning C4244: "argument": konwersja z "T" do "T", możliwa utrata danych
          with
          [
              T=unsigned int
          ]
          and
          [
              T=float
          ]
D:\Programowanie\C++\chess\chess\chess\Board.cpp(90,96): warning C4244: "argument": konwersja z "T" do "T", możliwa utrata danych
          with
          [
              T=unsigned int
          ]
          and
          [
              T=float
          ]
D:\Programowanie\C++\chess\chess\chess\Board.cpp(98,146): warning C4244: "argument": konwersja z "T" do "T", możliwa utrata danych
          with
          [
              T=unsigned int
          ]
          and
          [
              T=float
          ]
D:\Programowanie\C++\chess\chess\chess\Board.cpp(98,96): warning C4244: "argument": konwersja z "T" do "T", możliwa utrata danych
          with
          [
              T=unsigned int
          ]
          and
          [
              T=float
          ]
D:\Programowanie\C++\chess\chess\chess\Board.cpp(100,140): warning C4244: "argument": konwersja z "T" do "T", możliwa utrata danych
          with
          [
              T=unsigned int
          ]
          and
          [
              T=float
          ]
D:\Programowanie\C++\chess\chess\chess\Board.cpp(100,92): warning C4244: "argument": konwersja z "T" do "T", możliwa utrata danych
          with
          [
              T=unsigned int
          ]
          and
          [
              T=float
          ]
D:\Programowanie\C++\chess\chess\chess\Board.cpp(102,146): warning C4244: "argument": konwersja z "T" do "T", możliwa utrata danych
          with
          [
              T=unsigned int
          ]
          and
          [
              T=float
          ]
D:\Programowanie\C++\chess\chess\chess\Board.cpp(102,96): warning C4244: "argument": konwersja z "T" do "T", możliwa utrata danych
          with
          [
              T=unsigned int
          ]
          and
          [
              T=float
          ]
D:\Programowanie\C++\chess\chess\chess\Board.cpp(154,23): warning C4018: "<": niezgodność typu ze znakiem/bez znaku
D:\Programowanie\C++\chess\chess\chess\Board.cpp(272,23): warning C4018: "<": niezgodność typu ze znakiem/bez znaku
D:\Programowanie\C++\chess\chess\chess\Board.cpp(288,35): warning C4018: "<": niezgodność typu ze znakiem/bez znaku
D:\Programowanie\C++\chess\chess\chess\Board.cpp(298,35): warning C4018: "<": niezgodność typu ze znakiem/bez znaku
  Game.cpp
D:\Programowanie\C++\chess\chess\chess\Game.cpp(73,23): warning C4018: "<": niezgodność typu ze znakiem/bez znaku
D:\Programowanie\C++\chess\chess\chess\Game.cpp(80,27): warning C4018: "<": niezgodność typu ze znakiem/bez znaku
D:\Programowanie\C++\chess\chess\chess\Game.cpp(85,23): warning C4018: "<": niezgodność typu ze znakiem/bez znaku
D:\Programowanie\C++\chess\chess\chess\Game.cpp(98,23): warning C4018: "<": niezgodność typu ze znakiem/bez znaku
  King.cpp
D:\Programowanie\C++\chess\chess\chess\King.cpp(19,103): warning C4244: "argument": konwersja z "T" do "T", możliwa utrata danych
          with
          [
              T=unsigned int
          ]
          and
          [
              T=float
          ]
D:\Programowanie\C++\chess\chess\chess\King.cpp(19,66): warning C4244: "argument": konwersja z "T" do "T", możliwa utrata danych
          with
          [
              T=unsigned int
          ]
          and
          [
              T=float
          ]
  Knight.cpp
  main.cpp
  Pawn.cpp
  Pieces.cpp
  Queen.cpp
D:\Programowanie\C++\chess\chess\chess\Queen.cpp(17,103): warning C4244: "argument": konwersja z "T" do "T", możliwa utrata danych
          with
          [
              T=unsigned int
          ]
          and
          [
              T=float
          ]
D:\Programowanie\C++\chess\chess\chess\Queen.cpp(17,66): warning C4244: "argument": konwersja z "T" do "T", możliwa utrata danych
          with
          [
              T=unsigned int
          ]
          and
          [
              T=float
          ]
  Rook.cpp
  Square.cpp
  Generowanie kodu...
Rook.obj : error LNK2019: nierozpoznany symbol zewnętrzny "public: virtual __thiscall sf::Transformable::~Transformable(void)" (??1Transformable@sf@@UAE@XZ) przywołany w funkcji __unwindfunclet$??0Shape@sf@@QAE@ABV01@@Z$1
Knight.obj : error LNK2001: nierozpoznany symbol zewnętrzny "public: virtual __thiscall sf::Transformable::~Transformable(void)" (??1Transformable@sf@@UAE@XZ)
main.obj : error LNK2001: nierozpoznany symbol zewnętrzny "public: virtual __thiscall sf::Transformable::~Transformable(void)" (??1Transformable@sf@@UAE@XZ)
Pawn.obj : error LNK2001: nierozpoznany symbol zewnętrzny "public: virtual __thiscall sf::Transformable::~Transformable(void)" (??1Transformable@sf@@UAE@XZ)
Queen.obj : error LNK2001: nierozpoznany symbol zewnętrzny "public: virtual __thiscall sf::Transformable::~Transformable(void)" (??1Transformable@sf@@UAE@XZ)
Bishop.obj : error LNK2001: nierozpoznany symbol zewnętrzny "public: virtual __thiscall sf::Transformable::~Transformable(void)" (??1Transformable@sf@@UAE@XZ)
Board.obj : error LNK2001: nierozpoznany symbol zewnętrzny "public: virtual __thiscall sf::Transformable::~Transformable(void)" (??1Transformable@sf@@UAE@XZ)
Game.obj : error LNK2001: nierozpoznany symbol zewnętrzny "public: virtual __thiscall sf::Transformable::~Transformable(void)" (??1Transformable@sf@@UAE@XZ)
King.obj : error LNK2001: nierozpoznany symbol zewnętrzny "public: virtual __thiscall sf::Transformable::~Transformable(void)" (??1Transformable@sf@@UAE@XZ)
Pawn.obj : error LNK2001: nierozpoznany symbol zewnętrzny "private: virtual void __thiscall sf::VertexArray::draw(class sf::RenderTarget &,class sf::RenderStates)const " (?draw@VertexArray@sf@@EBEXAAVRenderTarget@2@VRenderStates@2@@Z)
Queen.obj : error LNK2001: nierozpoznany symbol zewnętrzny "private: virtual void __thiscall sf::VertexArray::draw(class sf::RenderTarget &,class sf::RenderStates)const " (?draw@VertexArray@sf@@EBEXAAVRenderTarget@2@VRenderStates@2@@Z)
Rook.obj : error LNK2001: nierozpoznany symbol zewnętrzny "private: virtual void __thiscall sf::VertexArray::draw(class sf::RenderTarget &,class sf::RenderStates)const " (?draw@VertexArray@sf@@EBEXAAVRenderTarget@2@VRenderStates@2@@Z)
Bishop.obj : error LNK2001: nierozpoznany symbol zewnętrzny "private: virtual void __thiscall sf::VertexArray::draw(class sf::RenderTarget &,class sf::RenderStates)const " (?draw@VertexArray@sf@@EBEXAAVRenderTarget@2@VRenderStates@2@@Z)
Board.obj : error LNK2001: nierozpoznany symbol zewnętrzny "private: virtual void __thiscall sf::VertexArray::draw(class sf::RenderTarget &,class sf::RenderStates)const " (?draw@VertexArray@sf@@EBEXAAVRenderTarget@2@VRenderStates@2@@Z)
King.obj : error LNK2001: nierozpoznany symbol zewnętrzny "private: virtual void __thiscall sf::VertexArray::draw(class sf::RenderTarget &,class sf::RenderStates)const " (?draw@VertexArray@sf@@EBEXAAVRenderTarget@2@VRenderStates@2@@Z)
Knight.obj : error LNK2001: nierozpoznany symbol zewnętrzny "private: virtual void __thiscall sf::VertexArray::draw(class sf::RenderTarget &,class sf::RenderStates)const " (?draw@VertexArray@sf@@EBEXAAVRenderTarget@2@VRenderStates@2@@Z)
Rook.obj : error LNK2019: nierozpoznany symbol zewnętrzny "public: virtual __thiscall sf::Shape::~Shape(void)" (??1Shape@sf@@UAE@XZ) przywołany w funkcji "public: virtual __thiscall sf::RectangleShape::~RectangleShape(void)" (??1RectangleShape@sf@@UAE@XZ)
Knight.obj : error LNK2001: nierozpoznany symbol zewnętrzny "public: virtual __thiscall sf::Shape::~Shape(void)" (??1Shape@sf@@UAE@XZ)
main.obj : error LNK2001: nierozpoznany symbol zewnętrzny "public: virtual __thiscall sf::Shape::~Shape(void)" (??1Shape@sf@@UAE@XZ)
Pawn.obj : error LNK2001: nierozpoznany symbol zewnętrzny "public: virtual __thiscall sf::Shape::~Shape(void)" (??1Shape@sf@@UAE@XZ)
Queen.obj : error LNK2001: nierozpoznany symbol zewnętrzny "public: virtual __thiscall sf::Shape::~Shape(void)" (??1Shape@sf@@UAE@XZ)
Bishop.obj : error LNK2001: nierozpoznany symbol zewnętrzny "public: virtual __thiscall sf::Shape::~Shape(void)" (??1Shape@sf@@UAE@XZ)
Board.obj : error LNK2001: nierozpoznany symbol zewnętrzny "public: virtual __thiscall sf::Shape::~Shape(void)" (??1Shape@sf@@UAE@XZ)
Game.obj : error LNK2001: nierozpoznany symbol zewnętrzny "public: virtual __thiscall sf::Shape::~Shape(void)" (??1Shape@sf@@UAE@XZ)
King.obj : error LNK2001: nierozpoznany symbol zewnętrzny "public: virtual __thiscall sf::Shape::~Shape(void)" (??1Shape@sf@@UAE@XZ)
Pawn.obj : error LNK2001: nierozpoznany symbol zewnętrzny "private: virtual void __thiscall sf::Shape::draw(class sf::RenderTarget &,class sf::RenderStates)const " (?draw@Shape@sf@@EBEXAAVRenderTarget@2@VRenderStates@2@@Z)
Queen.obj : error LNK2001: nierozpoznany symbol zewnętrzny "private: virtual void __thiscall sf::Shape::draw(class sf::RenderTarget &,class sf::RenderStates)const " (?draw@Shape@sf@@EBEXAAVRenderTarget@2@VRenderStates@2@@Z)
Rook.obj : error LNK2001: nierozpoznany symbol zewnętrzny "private: virtual void __thiscall sf::Shape::draw(class sf::RenderTarget &,class sf::RenderStates)const " (?draw@Shape@sf@@EBEXAAVRenderTarget@2@VRenderStates@2@@Z)
Bishop.obj : error LNK2001: nierozpoznany symbol zewnętrzny "private: virtual void __thiscall sf::Shape::draw(class sf::RenderTarget &,class sf::RenderStates)const " (?draw@Shape@sf@@EBEXAAVRenderTarget@2@VRenderStates@2@@Z)
Board.obj : error LNK2001: nierozpoznany symbol zewnętrzny "private: virtual void __thiscall sf::Shape::draw(class sf::RenderTarget &,class sf::RenderStates)const " (?draw@Shape@sf@@EBEXAAVRenderTarget@2@VRenderStates@2@@Z)
King.obj : error LNK2001: nierozpoznany symbol zewnętrzny "private: virtual void __thiscall sf::Shape::draw(class sf::RenderTarget &,class sf::RenderStates)const " (?draw@Shape@sf@@EBEXAAVRenderTarget@2@VRenderStates@2@@Z)
Knight.obj : error LNK2001: nierozpoznany symbol zewnętrzny "private: virtual void __thiscall sf::Shape::draw(class sf::RenderTarget &,class sf::RenderStates)const " (?draw@Shape@sf@@EBEXAAVRenderTarget@2@VRenderStates@2@@Z)
Queen.obj : error LNK2019: nierozpoznany symbol zewnętrzny "public: __thiscall sf::Texture::Texture(void)" (??0Texture@sf@@QAE@XZ) przywołany w funkcji __unwindfunclet$??0Shape@sf@@QAE@ABV01@@Z$2
Rook.obj : error LNK2001: nierozpoznany symbol zewnętrzny "public: __thiscall sf::Texture::Texture(void)" (??0Texture@sf@@QAE@XZ)
Bishop.obj : error LNK2001: nierozpoznany symbol zewnętrzny "public: __thiscall sf::Texture::Texture(void)" (??0Texture@sf@@QAE@XZ)
King.obj : error LNK2001: nierozpoznany symbol zewnętrzny "public: __thiscall sf::Texture::Texture(void)" (??0Texture@sf@@QAE@XZ)
Knight.obj : error LNK2001: nierozpoznany symbol zewnętrzny "public: __thiscall sf::Texture::Texture(void)" (??0Texture@sf@@QAE@XZ)
Pawn.obj : error LNK2001: nierozpoznany symbol zewnętrzny "public: __thiscall sf::Texture::Texture(void)" (??0Texture@sf@@QAE@XZ)
Queen.obj : error LNK2019: nierozpoznany symbol zewnętrzny "public: __thiscall sf::Texture::~Texture(void)" (??1Texture@sf@@QAE@XZ) przywołany w funkcji "public: __thiscall sf::Shape::Shape(class sf::Shape const &)" (??0Shape@sf@@QAE@ABV01@@Z)
Rook.obj : error LNK2001: nierozpoznany symbol zewnętrzny "public: __thiscall sf::Texture::~Texture(void)" (??1Texture@sf@@QAE@XZ)
Bishop.obj : error LNK2001: nierozpoznany symbol zewnętrzny "public: __thiscall sf::Texture::~Texture(void)" (??1Texture@sf@@QAE@XZ)
King.obj : error LNK2001: nierozpoznany symbol zewnętrzny "public: __thiscall sf::Texture::~Texture(void)" (??1Texture@sf@@QAE@XZ)
Knight.obj : error LNK2001: nierozpoznany symbol zewnętrzny "public: __thiscall sf::Texture::~Texture(void)" (??1Texture@sf@@QAE@XZ)
Pawn.obj : error LNK2001: nierozpoznany symbol zewnętrzny "public: __thiscall sf::Texture::~Texture(void)" (??1Texture@sf@@QAE@XZ)
Queen.obj : error LNK2001: nierozpoznany symbol zewnętrzny "public: bool __thiscall sf::Texture::loadFromFile(class std::basic_string<char,struct std::char_traits<char>,class std::allocator<char> > const &,class sf::Rect<int> const &)" (?loadFromFile@Texture@sf@@QAE_NABV?$basic_string@DU?$char_traits@D@std@@V?$allocator@D@2@@std@@ABV?$Rect@H@2@@Z)
Rook.obj : error LNK2001: nierozpoznany symbol zewnętrzny "public: bool __thiscall sf::Texture::loadFromFile(class std::basic_string<char,struct std::char_traits<char>,class std::allocator<char> > const &,class sf::Rect<int> const &)" (?loadFromFile@Texture@sf@@QAE_NABV?$basic_string@DU?$char_traits@D@std@@V?$allocator@D@2@@std@@ABV?$Rect@H@2@@Z)
Bishop.obj : error LNK2001: nierozpoznany symbol zewnętrzny "public: bool __thiscall sf::Texture::loadFromFile(class std::basic_string<char,struct std::char_traits<char>,class std::allocator<char> > const &,class sf::Rect<int> const &)" (?loadFromFile@Texture@sf@@QAE_NABV?$basic_string@DU?$char_traits@D@std@@V?$allocator@D@2@@std@@ABV?$Rect@H@2@@Z)
King.obj : error LNK2001: nierozpoznany symbol zewnętrzny "public: bool __thiscall sf::Texture::loadFromFile(class std::basic_string<char,struct std::char_traits<char>,class std::allocator<char> > const &,class sf::Rect<int> const &)" (?loadFromFile@Texture@sf@@QAE_NABV?$basic_string@DU?$char_traits@D@std@@V?$allocator@D@2@@std@@ABV?$Rect@H@2@@Z)
Knight.obj : error LNK2001: nierozpoznany symbol zewnętrzny "public: bool __thiscall sf::Texture::loadFromFile(class std::basic_string<char,struct std::char_traits<char>,class std::allocator<char> > const &,class sf::Rect<int> const &)" (?loadFromFile@Texture@sf@@QAE_NABV?$basic_string@DU?$char_traits@D@std@@V?$allocator@D@2@@std@@ABV?$Rect@H@2@@Z)
Pawn.obj : error LNK2001: nierozpoznany symbol zewnętrzny "public: bool __thiscall sf::Texture::loadFromFile(class std::basic_string<char,struct std::char_traits<char>,class std::allocator<char> > const &,class sf::Rect<int> const &)" (?loadFromFile@Texture@sf@@QAE_NABV?$basic_string@DU?$char_traits@D@std@@V?$allocator@D@2@@std@@ABV?$Rect@H@2@@Z)
Pawn.obj : error LNK2001: nierozpoznany symbol zewnętrzny "public: virtual unsigned int __thiscall sf::RectangleShape::getPointCount(void)const " (?getPointCount@RectangleShape@sf@@UBEIXZ)
Queen.obj : error LNK2001: nierozpoznany symbol zewnętrzny "public: virtual unsigned int __thiscall sf::RectangleShape::getPointCount(void)const " (?getPointCount@RectangleShape@sf@@UBEIXZ)
Rook.obj : error LNK2001: nierozpoznany symbol zewnętrzny "public: virtual unsigned int __thiscall sf::RectangleShape::getPointCount(void)const " (?getPointCount@RectangleShape@sf@@UBEIXZ)
Bishop.obj : error LNK2001: nierozpoznany symbol zewnętrzny "public: virtual unsigned int __thiscall sf::RectangleShape::getPointCount(void)const " (?getPointCount@RectangleShape@sf@@UBEIXZ)
Board.obj : error LNK2001: nierozpoznany symbol zewnętrzny "public: virtual unsigned int __thiscall sf::RectangleShape::getPointCount(void)const " (?getPointCount@RectangleShape@sf@@UBEIXZ)
King.obj : error LNK2001: nierozpoznany symbol zewnętrzny "public: virtual unsigned int __thiscall sf::RectangleShape::getPointCount(void)const " (?getPointCount@RectangleShape@sf@@UBEIXZ)
Knight.obj : error LNK2001: nierozpoznany symbol zewnętrzny "public: virtual unsigned int __thiscall sf::RectangleShape::getPointCount(void)const " (?getPointCount@RectangleShape@sf@@UBEIXZ)
Pawn.obj : error LNK2001: nierozpoznany symbol zewnętrzny "public: virtual class sf::Vector2<float> __thiscall sf::RectangleShape::getPoint(unsigned int)const " (?getPoint@RectangleShape@sf@@UBE?AV?$Vector2@M@2@I@Z)
Queen.obj : error LNK2001: nierozpoznany symbol zewnętrzny "public: virtual class sf::Vector2<float> __thiscall sf::RectangleShape::getPoint(unsigned int)const " (?getPoint@RectangleShape@sf@@UBE?AV?$Vector2@M@2@I@Z)
Rook.obj : error LNK2001: nierozpoznany symbol zewnętrzny "public: virtual class sf::Vector2<float> __thiscall sf::RectangleShape::getPoint(unsigned int)const " (?getPoint@RectangleShape@sf@@UBE?AV?$Vector2@M@2@I@Z)
Bishop.obj : error LNK2001: nierozpoznany symbol zewnętrzny "public: virtual class sf::Vector2<float> __thiscall sf::RectangleShape::getPoint(unsigned int)const " (?getPoint@RectangleShape@sf@@UBE?AV?$Vector2@M@2@I@Z)
Board.obj : error LNK2001: nierozpoznany symbol zewnętrzny "public: virtual class sf::Vector2<float> __thiscall sf::RectangleShape::getPoint(unsigned int)const " (?getPoint@RectangleShape@sf@@UBE?AV?$Vector2@M@2@I@Z)
King.obj : error LNK2001: nierozpoznany symbol zewnętrzny "public: virtual class sf::Vector2<float> __thiscall sf::RectangleShape::getPoint(unsigned int)const " (?getPoint@RectangleShape@sf@@UBE?AV?$Vector2@M@2@I@Z)
Knight.obj : error LNK2001: nierozpoznany symbol zewnętrzny "public: virtual class sf::Vector2<float> __thiscall sf::RectangleShape::getPoint(unsigned int)const " (?getPoint@RectangleShape@sf@@UBE?AV?$Vector2@M@2@I@Z)
Queen.obj : error LNK2001: nierozpoznany symbol zewnętrzny "public: __thiscall sf::Sprite::Sprite(void)" (??0Sprite@sf@@QAE@XZ)
Rook.obj : error LNK2001: nierozpoznany symbol zewnętrzny "public: __thiscall sf::Sprite::Sprite(void)" (??0Sprite@sf@@QAE@XZ)
Bishop.obj : error LNK2001: nierozpoznany symbol zewnętrzny "public: __thiscall sf::Sprite::Sprite(void)" (??0Sprite@sf@@QAE@XZ)
King.obj : error LNK2001: nierozpoznany symbol zewnętrzny "public: __thiscall sf::Sprite::Sprite(void)" (??0Sprite@sf@@QAE@XZ)
Knight.obj : error LNK2001: nierozpoznany symbol zewnętrzny "public: __thiscall sf::Sprite::Sprite(void)" (??0Sprite@sf@@QAE@XZ)
Pawn.obj : error LNK2001: nierozpoznany symbol zewnętrzny "public: __thiscall sf::Sprite::Sprite(void)" (??0Sprite@sf@@QAE@XZ)
Queen.obj : error LNK2019: nierozpoznany symbol zewnętrzny "public: void __thiscall sf::Sprite::setTexture(class sf::Texture const &,bool)" (?setTexture@Sprite@sf@@QAEXABVTexture@2@_N@Z) przywołany w funkcji "public: __thiscall Queen::Queen(int)" (??0Queen@@QAE@H@Z)
Rook.obj : error LNK2001: nierozpoznany symbol zewnętrzny "public: void __thiscall sf::Sprite::setTexture(class sf::Texture const &,bool)" (?setTexture@Sprite@sf@@QAEXABVTexture@2@_N@Z)
Bishop.obj : error LNK2001: nierozpoznany symbol zewnętrzny "public: void __thiscall sf::Sprite::setTexture(class sf::Texture const &,bool)" (?setTexture@Sprite@sf@@QAEXABVTexture@2@_N@Z)
King.obj : error LNK2001: nierozpoznany symbol zewnętrzny "public: void __thiscall sf::Sprite::setTexture(class sf::Texture const &,bool)" (?setTexture@Sprite@sf@@QAEXABVTexture@2@_N@Z)
Knight.obj : error LNK2001: nierozpoznany symbol zewnętrzny "public: void __thiscall sf::Sprite::setTexture(class sf::Texture const &,bool)" (?setTexture@Sprite@sf@@QAEXABVTexture@2@_N@Z)
Pawn.obj : error LNK2001: nierozpoznany symbol zewnętrzny "public: void __thiscall sf::Sprite::setTexture(class sf::Texture const &,bool)" (?setTexture@Sprite@sf@@QAEXABVTexture@2@_N@Z)
Board.obj : error LNK2019: nierozpoznany symbol zewnętrzny "public: __thiscall sf::String::String(char const *,class std::locale const &)" (??0String@sf@@QAE@PBDABVlocale@std@@@Z) przywołany w funkcji "public: void __thiscall Board::gameOver(void)" (?gameOver@Board@@QAEXXZ)
Game.obj : error LNK2001: nierozpoznany symbol zewnętrzny "public: __thiscall sf::String::String(char const *,class std::locale const &)" (??0String@sf@@QAE@PBDABVlocale@std@@@Z)
main.obj : error LNK2001: nierozpoznany symbol zewnętrzny "public: __thiscall sf::String::String(char const *,class std::locale const &)" (??0String@sf@@QAE@PBDABVlocale@std@@@Z)
Board.obj : error LNK2019: nierozpoznany symbol zewnętrzny "public: __thiscall sf::String::String(class std::basic_string<char,struct std::char_traits<char>,class std::allocator<char> > const &,class std::locale const &)" (??0String@sf@@QAE@ABV?$basic_string@DU?$char_traits@D@std@@V?$allocator@D@2@@std@@ABVlocale@3@@Z) przywołany w funkcji "public: void __thiscall Board::SetRightSideofWindow(void)" (?SetRightSideofWindow@Board@@QAEXXZ)
Board.obj : error LNK2019: nierozpoznany symbol zewnętrzny "public: void __thiscall sf::Transformable::setPosition(float,float)" (?setPosition@Transformable@sf@@QAEXMM@Z) przywołany w funkcji "public: void __thiscall Board::place(class sf::Color,class sf::Color)" (?place@Board@@QAEXVColor@sf@@0@Z)
Game.obj : error LNK2001: nierozpoznany symbol zewnętrzny "public: void __thiscall sf::Transformable::setPosition(float,float)" (?setPosition@Transformable@sf@@QAEXMM@Z)
King.obj : error LNK2001: nierozpoznany symbol zewnętrzny "public: void __thiscall sf::Transformable::setPosition(float,float)" (?setPosition@Transformable@sf@@QAEXMM@Z)
Queen.obj : error LNK2001: nierozpoznany symbol zewnętrzny "public: void __thiscall sf::Transformable::setPosition(float,float)" (?setPosition@Transformable@sf@@QAEXMM@Z)
Board.obj : error LNK2019: nierozpoznany symbol zewnętrzny "public: void __thiscall sf::Transformable::setPosition(class sf::Vector2<float> const &)" (?setPosition@Transformable@sf@@QAEXABV?$Vector2@M@2@@Z) przywołany w funkcji "public: void __thiscall Board::DrawPossibleMoves(void)" (?DrawPossibleMoves@Board@@QAEXXZ)
Game.obj : error LNK2001: nierozpoznany symbol zewnętrzny "public: void __thiscall sf::Transformable::setPosition(class sf::Vector2<float> const &)" (?setPosition@Transformable@sf@@QAEXABV?$Vector2@M@2@@Z)
Board.obj : error LNK2019: nierozpoznany symbol zewnętrzny "public: void __thiscall sf::Transformable::setScale(class sf::Vector2<float> const &)" (?setScale@Transformable@sf@@QAEXABV?$Vector2@M@2@@Z) przywołany w funkcji "public: void __thiscall Board::place(class sf::Color,class sf::Color)" (?place@Board@@QAEXVColor@sf@@0@Z)
King.obj : error LNK2001: nierozpoznany symbol zewnętrzny "public: void __thiscall sf::Transformable::setScale(class sf::Vector2<float> const &)" (?setScale@Transformable@sf@@QAEXABV?$Vector2@M@2@@Z)
Queen.obj : error LNK2001: nierozpoznany symbol zewnętrzny "public: void __thiscall sf::Transformable::setScale(class sf::Vector2<float> const &)" (?setScale@Transformable@sf@@QAEXABV?$Vector2@M@2@@Z)
Board.obj : error LNK2019: nierozpoznany symbol zewnętrzny "public: void __thiscall sf::Transformable::setOrigin(float,float)" (?setOrigin@Transformable@sf@@QAEXMM@Z) przywołany w funkcji "public: void __thiscall Board::place(class sf::Color,class sf::Color)" (?place@Board@@QAEXVColor@sf@@0@Z)
Board.obj : error LNK2019: nierozpoznany symbol zewnętrzny "public: void __thiscall sf::Transformable::setOrigin(class sf::Vector2<float> const &)" (?setOrigin@Transformable@sf@@QAEXABV?$Vector2@M@2@@Z) przywołany w funkcji "public: void __thiscall Board::place(class sf::Color,class sf::Color)" (?place@Board@@QAEXVColor@sf@@0@Z)
King.obj : error LNK2001: nierozpoznany symbol zewnętrzny "public: void __thiscall sf::Transformable::setOrigin(class sf::Vector2<float> const &)" (?setOrigin@Transformable@sf@@QAEXABV?$Vector2@M@2@@Z)
Queen.obj : error LNK2001: nierozpoznany symbol zewnętrzny "public: void __thiscall sf::Transformable::setOrigin(class sf::Vector2<float> const &)" (?setOrigin@Transformable@sf@@QAEXABV?$Vector2@M@2@@Z)
Board.obj : error LNK2019: nierozpoznany symbol zewnętrzny "public: __thiscall sf::Color::Color(unsigned int)" (??0Color@sf@@QAE@I@Z) przywołany w funkcji "public: void __thiscall Board::DrawPossibleMoves(void)" (?DrawPossibleMoves@Board@@QAEXXZ)
main.obj : error LNK2001: nierozpoznany symbol zewnętrzny "public: __thiscall sf::Color::Color(unsigned int)" (??0Color@sf@@QAE@I@Z)
Board.obj : error LNK2019: nierozpoznany symbol zewnętrzny "public: void __thiscall sf::Shape::setFillColor(class sf::Color const &)" (?setFillColor@Shape@sf@@QAEXABVColor@2@@Z) przywołany w funkcji "public: void __thiscall Board::DrawPossibleMoves(void)" (?DrawPossibleMoves@Board@@QAEXXZ)
Game.obj : error LNK2001: nierozpoznany symbol zewnętrzny "public: void __thiscall sf::Shape::setFillColor(class sf::Color const &)" (?setFillColor@Shape@sf@@QAEXABVColor@2@@Z)
Board.obj : error LNK2019: nierozpoznany symbol zewnętrzny "public: void __thiscall sf::Shape::setOutlineColor(class sf::Color const &)" (?setOutlineColor@Shape@sf@@QAEXABVColor@2@@Z) przywołany w funkcji "public: void __thiscall Board::DrawPossibleMoves(void)" (?DrawPossibleMoves@Board@@QAEXXZ)
Game.obj : error LNK2001: nierozpoznany symbol zewnętrzny "public: void __thiscall sf::Shape::setOutlineColor(class sf::Color const &)" (?setOutlineColor@Shape@sf@@QAEXABVColor@2@@Z)
Board.obj : error LNK2019: nierozpoznany symbol zewnętrzny "public: void __thiscall sf::Shape::setOutlineThickness(float)" (?setOutlineThickness@Shape@sf@@QAEXM@Z) przywołany w funkcji "public: void __thiscall Board::DrawPossibleMoves(void)" (?DrawPossibleMoves@Board@@QAEXXZ)
Game.obj : error LNK2001: nierozpoznany symbol zewnętrzny "public: void __thiscall sf::Shape::setOutlineThickness(float)" (?setOutlineThickness@Shape@sf@@QAEXM@Z)
Board.obj : error LNK2019: nierozpoznany symbol zewnętrzny "public: class sf::Vector2<unsigned int> __thiscall sf::Texture::getSize(void)const " (?getSize@Texture@sf@@QBE?AV?$Vector2@I@2@XZ) przywołany w funkcji "public: void __thiscall Board::place(class sf::Color,class sf::Color)" (?place@Board@@QAEXVColor@sf@@0@Z)
King.obj : error LNK2001: nierozpoznany symbol zewnętrzny "public: class sf::Vector2<unsigned int> __thiscall sf::Texture::getSize(void)const " (?getSize@Texture@sf@@QBE?AV?$Vector2@I@2@XZ)
Queen.obj : error LNK2001: nierozpoznany symbol zewnętrzny "public: class sf::Vector2<unsigned int> __thiscall sf::Texture::getSize(void)const " (?getSize@Texture@sf@@QBE?AV?$Vector2@I@2@XZ)
Board.obj : error LNK2019: nierozpoznany symbol zewnętrzny "public: __thiscall sf::RectangleShape::RectangleShape(class sf::Vector2<float> const &)" (??0RectangleShape@sf@@QAE@ABV?$Vector2@M@1@@Z) przywołany w funkcji "public: void __thiscall Board::DrawPossibleMoves(void)" (?DrawPossibleMoves@Board@@QAEXXZ)
Game.obj : error LNK2001: nierozpoznany symbol zewnętrzny "public: __thiscall sf::RectangleShape::RectangleShape(class sf::Vector2<float> const &)" (??0RectangleShape@sf@@QAE@ABV?$Vector2@M@1@@Z)
Square.obj : error LNK2001: nierozpoznany symbol zewnętrzny "public: __thiscall sf::RectangleShape::RectangleShape(class sf::Vector2<float> const &)" (??0RectangleShape@sf@@QAE@ABV?$Vector2@M@1@@Z)
Board.obj : error LNK2019: nierozpoznany symbol zewnętrzny "public: void __thiscall sf::RectangleShape::setSize(class sf::Vector2<float> const &)" (?setSize@RectangleShape@sf@@QAEXABV?$Vector2@M@2@@Z) przywołany w funkcji "public: void __thiscall Board::DrawPossibleMoves(void)" (?DrawPossibleMoves@Board@@QAEXXZ)
Game.obj : error LNK2001: nierozpoznany symbol zewnętrzny "public: void __thiscall sf::RectangleShape::setSize(class sf::Vector2<float> const &)" (?setSize@RectangleShape@sf@@QAEXABV?$Vector2@M@2@@Z)
Board.obj : error LNK2019: nierozpoznany symbol zewnętrzny "public: class sf::Texture const * __thiscall sf::Sprite::getTexture(void)const " (?getTexture@Sprite@sf@@QBEPBVTexture@2@XZ) przywołany w funkcji "public: void __thiscall Board::place(class sf::Color,class sf::Color)" (?place@Board@@QAEXVColor@sf@@0@Z)
King.obj : error LNK2001: nierozpoznany symbol zewnętrzny "public: class sf::Texture const * __thiscall sf::Sprite::getTexture(void)const " (?getTexture@Sprite@sf@@QBEPBVTexture@2@XZ)
Queen.obj : error LNK2001: nierozpoznany symbol zewnętrzny "public: class sf::Texture const * __thiscall sf::Sprite::getTexture(void)const " (?getTexture@Sprite@sf@@QBEPBVTexture@2@XZ)
Board.obj : error LNK2019: nierozpoznany symbol zewnętrzny "public: void __thiscall sf::Text::setString(class sf::String const &)" (?setString@Text@sf@@QAEXABVString@2@@Z) przywołany w funkcji "public: void __thiscall Board::SetRightSideofWindow(void)" (?SetRightSideofWindow@Board@@QAEXXZ)
Game.obj : error LNK2001: nierozpoznany symbol zewnętrzny "public: void __thiscall sf::Text::setString(class sf::String const &)" (?setString@Text@sf@@QAEXABVString@2@@Z)
Board.obj : error LNK2001: nierozpoznany symbol zewnętrzny "public: static class sf::Color const sf::Color::Red" (?Red@Color@sf@@2V12@B)
Game.obj : error LNK2019: nierozpoznany symbol zewnętrzny "public: class sf::Vector2<float> const & __thiscall sf::Transformable::getPosition(void)const " (?getPosition@Transformable@sf@@QBEABV?$Vector2@M@2@XZ) przywołany w funkcji "public: __thiscall Game::Game(class sf::Color,class sf::Color)" (??0Game@@QAE@VColor@sf@@0@Z)
Game.obj : error LNK2019: nierozpoznany symbol zewnętrzny "public: __thiscall sf::Color::Color(unsigned char,unsigned char,unsigned char,unsigned char)" (??0Color@sf@@QAE@EEEE@Z) przywołany w funkcji "public: virtual void __thiscall Game::draw(class sf::RenderTarget &,class sf::RenderStates)const " (?draw@Game@@UBEXAAVRenderTarget@sf@@VRenderStates@3@@Z)
Game.obj : error LNK2019: nierozpoznany symbol zewnętrzny "public: __thiscall sf::Font::Font(void)" (??0Font@sf@@QAE@XZ) przywołany w funkcji "public: __thiscall Game::Game(class sf::Color,class sf::Color)" (??0Game@@QAE@VColor@sf@@0@Z)
Game.obj : error LNK2019: nierozpoznany symbol zewnętrzny "public: __thiscall sf::Font::~Font(void)" (??1Font@sf@@QAE@XZ) przywołany w funkcji __unwindfunclet$??0Game@@QAE@VColor@sf@@0@Z$2
main.obj : error LNK2001: nierozpoznany symbol zewnętrzny "public: __thiscall sf::Font::~Font(void)" (??1Font@sf@@QAE@XZ)
Game.obj : error LNK2019: nierozpoznany symbol zewnętrzny "public: bool __thiscall sf::Font::loadFromFile(class std::basic_string<char,struct std::char_traits<char>,class std::allocator<char> > const &)" (?loadFromFile@Font@sf@@QAE_NABV?$basic_string@DU?$char_traits@D@std@@V?$allocator@D@2@@std@@@Z) przywołany w funkcji "public: __thiscall Game::Game(class sf::Color,class sf::Color)" (??0Game@@QAE@VColor@sf@@0@Z)
Game.obj : error LNK2019: nierozpoznany symbol zewnętrzny "public: void __thiscall sf::RenderTarget::clear(class sf::Color const &)" (?clear@RenderTarget@sf@@QAEXABVColor@2@@Z) przywołany w funkcji "public: virtual void __thiscall Game::draw(class sf::RenderTarget &,class sf::RenderStates)const " (?draw@Game@@UBEXAAVRenderTarget@sf@@VRenderStates@3@@Z)
Game.obj : error LNK2019: nierozpoznany symbol zewnętrzny "public: void __thiscall sf::RenderTarget::draw(class sf::Drawable const &,class sf::RenderStates const &)" (?draw@RenderTarget@sf@@QAEXABVDrawable@2@ABVRenderStates@2@@Z) przywołany w funkcji "public: virtual void __thiscall Game::draw(class sf::RenderTarget &,class sf::RenderStates)const " (?draw@Game@@UBEXAAVRenderTarget@sf@@VRenderStates@3@@Z)
main.obj : error LNK2001: nierozpoznany symbol zewnętrzny "public: void __thiscall sf::RenderTarget::draw(class sf::Drawable const &,class sf::RenderStates const &)" (?draw@RenderTarget@sf@@QAEXABVDrawable@2@ABVRenderStates@2@@Z)
Game.obj : error LNK2019: nierozpoznany symbol zewnętrzny "public: __thiscall sf::Text::Text(void)" (??0Text@sf@@QAE@XZ) przywołany w funkcji "public: __thiscall Board::Board(void)" (??0Board@@QAE@XZ)
Game.obj : error LNK2019: nierozpoznany symbol zewnętrzny "public: void __thiscall sf::Text::setFont(class sf::Font const &)" (?setFont@Text@sf@@QAEXABVFont@2@@Z) przywołany w funkcji "public: __thiscall Game::Game(class sf::Color,class sf::Color)" (??0Game@@QAE@VColor@sf@@0@Z)
Game.obj : error LNK2019: nierozpoznany symbol zewnętrzny "public: void __thiscall sf::Text::setCharacterSize(unsigned int)" (?setCharacterSize@Text@sf@@QAEXI@Z) przywołany w funkcji "public: __thiscall Game::Game(class sf::Color,class sf::Color)" (??0Game@@QAE@VColor@sf@@0@Z)
Game.obj : error LNK2019: nierozpoznany symbol zewnętrzny "public: void __thiscall sf::Text::setStyle(unsigned int)" (?setStyle@Text@sf@@QAEXI@Z) przywołany w funkcji "public: __thiscall Game::Game(class sf::Color,class sf::Color)" (??0Game@@QAE@VColor@sf@@0@Z)
Game.obj : error LNK2019: nierozpoznany symbol zewnętrzny "public: void __thiscall sf::Text::setFillColor(class sf::Color const &)" (?setFillColor@Text@sf@@QAEXABVColor@2@@Z) przywołany w funkcji "public: __thiscall Game::Game(class sf::Color,class sf::Color)" (??0Game@@QAE@VColor@sf@@0@Z)
Game.obj : error LNK2001: nierozpoznany symbol zewnętrzny "public: static class sf::RenderStates const sf::RenderStates::Default" (?Default@RenderStates@sf@@2V12@B)
main.obj : error LNK2001: nierozpoznany symbol zewnętrzny "public: static class sf::RenderStates const sf::RenderStates::Default" (?Default@RenderStates@sf@@2V12@B)
Game.obj : error LNK2001: nierozpoznany symbol zewnętrzny "public: static class sf::Color const sf::Color::Black" (?Black@Color@sf@@2V12@B)
Game.obj : error LNK2001: nierozpoznany symbol zewnętrzny "public: static class sf::Color const sf::Color::White" (?White@Color@sf@@2V12@B)
Game.obj : error LNK2001: nierozpoznany symbol zewnętrzny "public: static class sf::Color const sf::Color::Blue" (?Blue@Color@sf@@2V12@B)
main.obj : error LNK2019: nierozpoznany symbol zewnętrzny "public: __thiscall sf::VideoMode::VideoMode(unsigned int,unsigned int,unsigned int)" (??0VideoMode@sf@@QAE@III@Z) przywołany w funkcji _main
main.obj : error LNK2019: nierozpoznany symbol zewnętrzny "public: void __thiscall sf::Window::close(void)" (?close@Window@sf@@QAEXXZ) przywołany w funkcji _main
main.obj : error LNK2019: nierozpoznany symbol zewnętrzny "public: bool __thiscall sf::Window::isOpen(void)const " (?isOpen@Window@sf@@QBE_NXZ) przywołany w funkcji _main
main.obj : error LNK2019: nierozpoznany symbol zewnętrzny "public: bool __thiscall sf::Window::pollEvent(class sf::Event &)" (?pollEvent@Window@sf@@QAE_NAAVEvent@2@@Z) przywołany w funkcji _main
main.obj : error LNK2019: nierozpoznany symbol zewnętrzny "public: void __thiscall sf::Window::display(void)" (?display@Window@sf@@QAEXXZ) przywołany w funkcji _main
main.obj : error LNK2019: nierozpoznany symbol zewnętrzny "public: __thiscall sf::RenderWindow::RenderWindow(class sf::VideoMode,class sf::String const &,unsigned int,struct sf::ContextSettings const &)" (??0RenderWindow@sf@@QAE@VVideoMode@1@ABVString@1@IABUContextSettings@1@@Z) przywołany w funkcji _main
main.obj : error LNK2019: nierozpoznany symbol zewnętrzny "public: virtual __thiscall sf::RenderWindow::~RenderWindow(void)" (??1RenderWindow@sf@@UAE@XZ) przywołany w funkcji _main
D:\Programowanie\SFML-2.5.1\lib\freetype.lib : warning LNK4272: wystąpił konflikt typu maszyny biblioteki „x64” z typem maszyny docelowej „x86”
D:\Programowanie\SFML-2.5.1\lib\sfml-window-s-d.lib : warning LNK4272: wystąpił konflikt typu maszyny biblioteki „x64” z typem maszyny docelowej „x86”
D:\Programowanie\SFML-2.5.1\lib\sfml-graphics-s-d.lib : warning LNK4272: wystąpił konflikt typu maszyny biblioteki „x64” z typem maszyny docelowej „x86”
D:\Programowanie\SFML-2.5.1\lib\sfml-system-s-d.lib : warning LNK4272: wystąpił konflikt typu maszyny biblioteki „x64” z typem maszyny docelowej „x86”
D:\Programowanie\C++\chess\chess\Debug\chess.exe : fatal error LNK1120: liczba nierozpoznanych elementów zewnętrznych: 51
