Bishop.obj : error LNK2001: nierozpoznany symbol zewnętrzny "public: virtual __thiscall sf::Transformable::~Transformable(void)" (??1Transformable@sf@@UAE@XZ)
Bishop.obj : error LNK2001: nierozpoznany symbol zewnętrzny "public: bool __thiscall sf::Texture::loadFromFile(class std::basic_string<char,struct std::char_traits<char>,class std::allocator<char> > const &,class sf::Rect<int> const &)" (?loadFromFile@Texture@sf@@QAE_NABV?$basic_string@DU?$char_traits@D@std@@V?$allocator@D@2@@std@@ABV?$Rect@H@2@@Z)
Bishop.obj : error LNK2001: nierozpoznany symbol zewnętrzny "public: __thiscall sf::Texture::~Texture(void)" (??1Texture@sf@@QAE@XZ)
Bishop.obj : error LNK2001: nierozpoznany symbol zewnętrzny "public: __thiscall sf::Texture::Texture(void)" (??0Texture@sf@@QAE@XZ)
Bishop.obj : error LNK2001: nierozpoznany symbol zewnętrzny "private: virtual void __thiscall sf::VertexArray::draw(class sf::RenderTarget &,class sf::RenderStates)const " (?draw@VertexArray@sf@@EBEXAAVRenderTarget@2@VRenderStates@2@@Z)
Bishop.obj : error LNK2001: nierozpoznany symbol zewnętrzny "private: virtual void __thiscall sf::Shape::draw(class sf::RenderTarget &,class sf::RenderStates)const " (?draw@Shape@sf@@EBEXAAVRenderTarget@2@VRenderStates@2@@Z)
Bishop.obj : error LNK2001: nierozpoznany symbol zewnętrzny "public: virtual __thiscall sf::Shape::~Shape(void)" (??1Shape@sf@@UAE@XZ)
Bishop.obj : error LNK2001: nierozpoznany symbol zewnętrzny "public: virtual class sf::Vector2<float> __thiscall sf::RectangleShape::getPoint(unsigned int)const " (?getPoint@RectangleShape@sf@@UBE?AV?$Vector2@M@2@I@Z)
Bishop.obj : error LNK2001: nierozpoznany symbol zewnętrzny "public: virtual unsigned int __thiscall sf::RectangleShape::getPointCount(void)const " (?getPointCount@RectangleShape@sf@@UBEIXZ)
Bishop.obj : error LNK2001: nierozpoznany symbol zewnętrzny "public: void __thiscall sf::Sprite::setTexture(class sf::Texture const &,bool)" (?setTexture@Sprite@sf@@QAEXABVTexture@2@_N@Z)
Bishop.obj : error LNK2001: nierozpoznany symbol zewnętrzny "public: __thiscall sf::Sprite::Sprite(void)" (??0Sprite@sf@@QAE@XZ)
Board.obj : error LNK2001: nierozpoznany symbol zewnętrzny "public: void __thiscall sf::Transformable::setOrigin(float,float)" (?setOrigin@Transformable@sf@@QAEXMM@Z)
Board.obj : error LNK2001: nierozpoznany symbol zewnętrzny "public: void __thiscall sf::Transformable::setOrigin(class sf::Vector2<float> const &)" (?setOrigin@Transformable@sf@@QAEXABV?$Vector2@M@2@@Z)
Board.obj : error LNK2001: nierozpoznany symbol zewnętrzny "public: void __thiscall sf::Transformable::setScale(class sf::Vector2<float> const &)" (?setScale@Transformable@sf@@QAEXABV?$Vector2@M@2@@Z)
Board.obj : error LNK2001: nierozpoznany symbol zewnętrzny "public: void __thiscall sf::Transformable::setPosition(float,float)" (?setPosition@Transformable@sf@@QAEXMM@Z)
Board.obj : error LNK2001: nierozpoznany symbol zewnętrzny "public: void __thiscall sf::Transformable::setPosition(class sf::Vector2<float> const &)" (?setPosition@Transformable@sf@@QAEXABV?$Vector2@M@2@@Z)
Board.obj : error LNK2001: nierozpoznany symbol zewnętrzny "public: class sf::Vector2<unsigned int> __thiscall sf::Texture::getSize(void)const " (?getSize@Texture@sf@@QBE?AV?$Vector2@I@2@XZ)
Board.obj : error LNK2001: nierozpoznany symbol zewnętrzny "public: __thiscall sf::Color::Color(unsigned int)" (??0Color@sf@@QAE@I@Z)
Board.obj : error LNK2001: nierozpoznany symbol zewnętrzny "public: static class sf::Color const sf::Color::Red" (?Red@Color@sf@@2V12@B)
Board.obj : error LNK2001: nierozpoznany symbol zewnętrzny "public: void __thiscall sf::Shape::setOutlineThickness(float)" (?setOutlineThickness@Shape@sf@@QAEXM@Z)
Board.obj : error LNK2001: nierozpoznany symbol zewnętrzny "public: void __thiscall sf::Shape::setOutlineColor(class sf::Color const &)" (?setOutlineColor@Shape@sf@@QAEXABVColor@2@@Z)
Board.obj : error LNK2001: nierozpoznany symbol zewnętrzny "public: void __thiscall sf::Shape::setFillColor(class sf::Color const &)" (?setFillColor@Shape@sf@@QAEXABVColor@2@@Z)
Board.obj : error LNK2001: nierozpoznany symbol zewnętrzny "public: __thiscall sf::String::String(char const *,class std::locale const &)" (??0String@sf@@QAE@PBDABVlocale@std@@@Z)
Board.obj : error LNK2001: nierozpoznany symbol zewnętrzny "public: __thiscall sf::String::String(class std::basic_string<char,struct std::char_traits<char>,class std::allocator<char> > const &,class std::locale const &)" (??0String@sf@@QAE@ABV?$basic_string@DU?$char_traits@D@std@@V?$allocator@D@2@@std@@ABVlocale@3@@Z)
Board.obj : error LNK2001: nierozpoznany symbol zewnętrzny "public: void __thiscall sf::RectangleShape::setSize(class sf::Vector2<float> const &)" (?setSize@RectangleShape@sf@@QAEXABV?$Vector2@M@2@@Z)
Board.obj : error LNK2001: nierozpoznany symbol zewnętrzny "public: __thiscall sf::RectangleShape::RectangleShape(class sf::Vector2<float> const &)" (??0RectangleShape@sf@@QAE@ABV?$Vector2@M@1@@Z)
Board.obj : error LNK2001: nierozpoznany symbol zewnętrzny "public: class sf::Texture const * __thiscall sf::Sprite::getTexture(void)const " (?getTexture@Sprite@sf@@QBEPBVTexture@2@XZ)
Board.obj : error LNK2001: nierozpoznany symbol zewnętrzny "public: void __thiscall sf::Text::setString(class sf::String const &)" (?setString@Text@sf@@QAEXABVString@2@@Z)
Game.obj : error LNK2001: nierozpoznany symbol zewnętrzny "public: static class sf::RenderStates const sf::RenderStates::Default" (?Default@RenderStates@sf@@2V12@B)
Game.obj : error LNK2001: nierozpoznany symbol zewnętrzny "public: static class sf::Color const sf::Color::White" (?White@Color@sf@@2V12@B)
Game.obj : error LNK2001: nierozpoznany symbol zewnętrzny "public: class sf::Vector2<float> const & __thiscall sf::Transformable::getPosition(void)const " (?getPosition@Transformable@sf@@QBEABV?$Vector2@M@2@XZ)
Game.obj : error LNK2001: nierozpoznany symbol zewnętrzny "public: bool __thiscall sf::Font::loadFromFile(class std::basic_string<char,struct std::char_traits<char>,class std::allocator<char> > const &)" (?loadFromFile@Font@sf@@QAE_NABV?$basic_string@DU?$char_traits@D@std@@V?$allocator@D@2@@std@@@Z)
Game.obj : error LNK2001: nierozpoznany symbol zewnętrzny "public: __thiscall sf::Font::~Font(void)" (??1Font@sf@@QAE@XZ)
Game.obj : error LNK2001: nierozpoznany symbol zewnętrzny "public: __thiscall sf::Font::Font(void)" (??0Font@sf@@QAE@XZ)
Game.obj : error LNK2001: nierozpoznany symbol zewnętrzny "public: __thiscall sf::Color::Color(unsigned char,unsigned char,unsigned char,unsigned char)" (??0Color@sf@@QAE@EEEE@Z)
Game.obj : error LNK2001: nierozpoznany symbol zewnętrzny "public: static class sf::Color const sf::Color::Black" (?Black@Color@sf@@2V12@B)
Game.obj : error LNK2001: nierozpoznany symbol zewnętrzny "public: void __thiscall sf::RenderTarget::draw(class sf::Drawable const &,class sf::RenderStates const &)" (?draw@RenderTarget@sf@@QAEXABVDrawable@2@ABVRenderStates@2@@Z)
Game.obj : error LNK2001: nierozpoznany symbol zewnętrzny "public: void __thiscall sf::RenderTarget::clear(class sf::Color const &)" (?clear@RenderTarget@sf@@QAEXABVColor@2@@Z)
Game.obj : error LNK2001: nierozpoznany symbol zewnętrzny "public: void __thiscall sf::Text::setFillColor(class sf::Color const &)" (?setFillColor@Text@sf@@QAEXABVColor@2@@Z)
Game.obj : error LNK2001: nierozpoznany symbol zewnętrzny "public: void __thiscall sf::Text::setStyle(unsigned int)" (?setStyle@Text@sf@@QAEXI@Z)
Game.obj : error LNK2001: nierozpoznany symbol zewnętrzny "public: void __thiscall sf::Text::setCharacterSize(unsigned int)" (?setCharacterSize@Text@sf@@QAEXI@Z)
Game.obj : error LNK2001: nierozpoznany symbol zewnętrzny "public: void __thiscall sf::Text::setFont(class sf::Font const &)" (?setFont@Text@sf@@QAEXABVFont@2@@Z)
Game.obj : error LNK2001: nierozpoznany symbol zewnętrzny "public: __thiscall sf::Text::Text(void)" (??0Text@sf@@QAE@XZ)
Game.obj : error LNK2001: nierozpoznany symbol zewnętrzny "public: static class sf::Color const sf::Color::Blue" (?Blue@Color@sf@@2V12@B)
main.obj : error LNK2001: nierozpoznany symbol zewnętrzny "public: virtual __thiscall sf::RenderWindow::~RenderWindow(void)" (??1RenderWindow@sf@@UAE@XZ)
main.obj : error LNK2001: nierozpoznany symbol zewnętrzny "public: __thiscall sf::RenderWindow::RenderWindow(class sf::VideoMode,class sf::String const &,unsigned int,struct sf::ContextSettings const &)" (??0RenderWindow@sf@@QAE@VVideoMode@1@ABVString@1@IABUContextSettings@1@@Z)
main.obj : error LNK2001: nierozpoznany symbol zewnętrzny "public: void __thiscall sf::Window::display(void)" (?display@Window@sf@@QAEXXZ)
main.obj : error LNK2001: nierozpoznany symbol zewnętrzny "public: bool __thiscall sf::Window::pollEvent(class sf::Event &)" (?pollEvent@Window@sf@@QAE_NAAVEvent@2@@Z)
main.obj : error LNK2001: nierozpoznany symbol zewnętrzny "public: bool __thiscall sf::Window::isOpen(void)const " (?isOpen@Window@sf@@QBE_NXZ)
main.obj : error LNK2001: nierozpoznany symbol zewnętrzny "public: void __thiscall sf::Window::close(void)" (?close@Window@sf@@QAEXXZ)
main.obj : error LNK2001: nierozpoznany symbol zewnętrzny "public: __thiscall sf::VideoMode::VideoMode(unsigned int,unsigned int,unsigned int)" (??0VideoMode@sf@@QAE@III@Z)
D:\Programowanie\C++\chess\chess\Release\chess.exe : fatal error LNK1120: liczba nierozpoznanych elementów zewnętrznych: 51
